A51 MACRO ASSEMBLER  XOR_A_B                                                              01/22/2024 16:30:38 PAGE     1


MACRO ASSEMBLER A51 V8.2.7.0
NO OBJECT MODULE REQUESTED
ASSEMBLER INVOKED BY: C:\KEIL\C51\BIN\A51.EXE xor_a_b.a51 SET(SMALL) DEBUG PRINT(.\Listings\xor_a_b.lst) OBJECT(.\Object
                      s\xor_a_b.obj) EP

LOC  OBJ            LINE     SOURCE

                       1     
0000                   2     ORG 0H
0000 020100            3     LJMP MAIN
0100                   4     ORG 100H
0100                   5     MAIN:
0100 3130              6     CALL XORSWAP
0102 80FE              7     HERE: SJMP HERE
0130                   8     ORG 130H
                       9     
0130                  10     XORSWAP:
                      11     
                      12     
                      13     
                      14     
                      15     
                      16     
                      17     
0130                  18     xrl 60h, 61h
*** __________________________________^
*** ERROR #A39 IN 18 (xor_a_b.a51, LINE 18): REGISTER OPERAND EXPECTED
                      19     
0130 22               20     RET
                      21     END
A51 MACRO ASSEMBLER  XOR_A_B                                                              01/22/2024 16:30:38 PAGE     2

SYMBOL TABLE LISTING
------ ----- -------


N A M E             T Y P E  V A L U E   ATTRIBUTES

HERE . . . . . . .  C ADDR   0102H   A   
MAIN . . . . . . .  C ADDR   0100H   A   
XORSWAP. . . . . .  C ADDR   0130H   A   


REGISTER BANK(S) USED: 0 


ASSEMBLY COMPLETE.  0 WARNING(S), 1 ERROR(S)
