C51 COMPILER V9.60.7.0   LCD                                                               02/13/2024 16:18:37 PAGE 1   


C51 COMPILER V9.60.7.0, COMPILATION OF MODULE LCD
OBJECT MODULE PLACED IN .\Objects\lcd.obj
COMPILER INVOKED BY: C:\KEIL\C51\BIN\C51.EXE lcd.c OPTIMIZE(8,SPEED) BROWSE DEBUG OBJECTEXTEND PRINT(.\Listings\lcd.lst)
                    - TABS(2) OBJECT(.\Objects\lcd.obj)

line level    source

   1          
   2          //#include <iostream.h>
   3          #include <at89c5131.h>
   4          #include "lcd.h"
   5          #include <math.h>
   6          
   7          #define EULER_NUM 2.71828
   8          
   9          code unsigned char display_msg1[]="     i/p 1     ";
  10          code unsigned char display_msg2[]="     i/p 2     ";
  11          code unsigned char display_msg3[]="   predict   ";
  12          code unsigned char display_msg4[]="class 1:";
  13          code unsigned char display_msg5[]="class 2:";
  14          
  15          float w0 = -36;
  16          float w1 = 5;
  17          float w2 = 7;
  18          
  19          float output;
  20          unsigned int a,b,c,t;
  21          float inp1 ;
  22          float inp2 ;
  23          
  24          float z = 0.000;
  25          float z_ = 0.000;
  26          
  27          sbit sw1=P1^0;  //Register select
  28          sbit sw2=P1^1;  //Read from or write to register
  29          sbit sw3=P1^2;  //Enable pin of lcd
  30          sbit sw4=P1^3;
  31          
  32          /*
  33          float sigmoid(float n){
  34              return (1/(1 + exp(-n)));
  35          }*/
  36          
  37          int main(){
  38   1        
  39   1        lcd_init();
  40   1        
  41   1        /////////////////////////////////////INPUT 1
  42   1        P1 = 0x0F;                                    //Ready to read
  43   1        lcd_cmd(0x80);
  44   1        lcd_write_string(display_msg1);               // Displaying on LCD
  45   1        msdelay(5000);                                //Giving delay
  46   1        inp1 = P1;                                    //Pulling Tray in
  47   1        
  48   1        /////////////////////////////////////INPUT 2
  49   1        P1 = 0x0F;                                    //Ready to read
  50   1        lcd_cmd(0x80);
  51   1        lcd_write_string(display_msg2);               // Displaying on LCD
  52   1        msdelay(5000);                                //Giving delay
  53   1        inp2 = P1;                                    //Pulling Tray in
  54   1        
C51 COMPILER V9.60.7.0   LCD                                                               02/13/2024 16:18:37 PAGE 2   

  55   1        /////////////////////////////////////Performing MAC
  56   1        output = w0*1;
  57   1        output = output + w1*inp1;
  58   1        output = output + w2*inp2;
  59   1        
  60   1        /////////////////////////////////////Using Sigmoid
  61   1        
  62   1        //P_class1 = 1/(1+ exp(-output))
  63   1        z = (float)(1.0/(1.0 + exp(-output)));
  64   1        z_ = 1.0 - z;
  65   1        t=1000*z;
  66   1        a=t/100;
  67   1        b=((t%100)/10);
  68   1        c=t%100;
  69   1        /////////////////////////////////////Multipltying
  70   1        
  71   1        lcd_cmd(0x80);                          //Move cursor to 2nd line of LCD
  72   1        msdelay(4);
  73   1        lcd_write_string(display_msg4);
  74   1        //lcd_float(a+48);
  75   1        //lcd_float(b+48);
  76   1        lcd_float(z);
  77   1      
  78   1        
  79   1        lcd_cmd(0xC0);                          //Move cursor to 2nd line of LCD
  80   1        msdelay(4);
  81   1        lcd_write_string(display_msg5);
  82   1        lcd_float(z_);
  83   1        
  84   1        /////////////////////////////////////Checking for Class 1 or Class 2
  85   1      
  86   1      
  87   1        while(1);
  88   1        return 0;
  89   1        
  90   1      }
*** WARNING C294 IN LINE 88 OF lcd.c: unreachable code


MODULE INFORMATION:   STATIC OVERLAYABLE
   CODE SIZE        =    671    ----
   CONSTANT SIZE    =     64    ----
   XDATA SIZE       =   ----    ----
   PDATA SIZE       =   ----    ----
   DATA SIZE        =     40       7
   IDATA SIZE       =   ----    ----
   BIT SIZE         =   ----    ----
END OF MODULE INFORMATION.


C51 COMPILATION COMPLETE.  1 WARNING(S),  0 ERROR(S)
